<?xml version="1.0" encoding="UTF-8"?>
<!DOCTYPE log4j:configuration SYSTEM "log4j.dtd">
<log4j:configuration xmlns:log4j="http://jakarta.apache.org/log4j/" debug="false">

    <!-- Declare the ConsoleAppender -->
    <appender name="CONSOLE" class="org.apache.log4j.ConsoleAppender">
        <param name="Target" value="System.out"/>
        <layout class="org.apache.log4j.PatternLayout">
            <param name="ConversionPattern"
                   value="[%d] [%-5p] [%t] [${host.name}] [%X{ipAddress}] [%X{userUid}] [%c{6}] %m%n"/>
        </layout>
    </appender>

    <!-- ############### Spring ################# -->

    <!--category name="org.springframework">
        <priority value="DEBUG"/>
    </category-->

    <!-- ############### AMEE ################### -->

    <category name="com.amee">
        <priority value="${amee.logLevel}"/>
    </category>

    <!-- ############### Default ################### -->

    <root>
        <priority value="${amee.defaultLogLevel}"/>
        <appender-ref ref="CONSOLE"/>
    </root>

</log4j:configuration>